-------------------------------------------------------------------------------
Test set: org.sonar.plugins.bash.ScriptAnalyzerSensorTest
-------------------------------------------------------------------------------
Tests run: 1, Failures: 1, Errors: 0, Skipped: 0, Time elapsed: 0.155 s <<< FAILURE! - in org.sonar.plugins.bash.ScriptAnalyzerSensorTest
testExecute(org.sonar.plugins.bash.ScriptAnalyzerSensorTest)  Time elapsed: 0.127 s  <<< FAILURE!
java.lang.AssertionError: expected:<4> but was:<0>
	at org.sonar.plugins.bash.ScriptAnalyzerSensorTest.testExecute(ScriptAnalyzerSensorTest.java:42)

