-------------------------------------------------------------------------------
Test set: org.sonar.plugins.bash.ScriptAnalyzerRulesDefinitionTest
-------------------------------------------------------------------------------
Tests run: 1, Failures: 1, Errors: 0, Skipped: 0, Time elapsed: 0.092 s <<< FAILURE! - in org.sonar.plugins.bash.ScriptAnalyzerRulesDefinitionTest
testDefine(org.sonar.plugins.bash.ScriptAnalyzerRulesDefinitionTest)  Time elapsed: 0.092 s  <<< FAILURE!
java.lang.AssertionError: expected:<1> but was:<55>
	at org.sonar.plugins.bash.ScriptAnalyzerRulesDefinitionTest.testDefine(ScriptAnalyzerRulesDefinitionTest.java:15)

