<?xml version="1.0" encoding="UTF-8"?>
<testsuite xmlns:xsi="http://www.w3.org/2001/XMLSchema-instance" xsi:noNamespaceSchemaLocation="https://maven.apache.org/surefire/maven-surefire-plugin/xsd/surefire-test-report.xsd" name="org.sonar.plugins.bash.ScriptAnalyzerSensorTest" time="0.367" tests="1" errors="0" skipped="0" failures="1">
  <properties>
[...]
</properties>
  <testcase name="testExecute" classname="org.sonar.plugins.bash.ScriptAnalyzerSensorTest" time="0.335">
    <failure message="expected:&lt;4&gt; but was:&lt;0&gt;" type="java.lang.AssertionError"><![CDATA[java.lang.AssertionError: expected:<4> but was:<0>
	at org.sonar.plugins.bash.ScriptAnalyzerSensorTest.testExecute(ScriptAnalyzerSensorTest.java:41)
]]></failure>
    <system-out><![CDATA[INFO  resultsFile /var/folders/_c/8hdddw_d015bjj6b8f89mf199j21nn/T/junit5350769451116637387/junit3223567939990011473.tmp
INFO  Starting running bash analysis: /var/folders/_c/8hdddw_d015bjj6b8f89mf199j21nn/T/junit5350769451116637387/sh-scriptAnalyzer.sh /var/folders/_c/8hdddw_d015bjj6b8f89mf199j21nn/T/junit698564179482732085 /var/folders/_c/8hdddw_d015bjj6b8f89mf199j21nn/T/junit5350769451116637387/junit3223567939990011473.tmp
INFO  process exit value: 0
INFO  process: java.lang.UNIXProcess@5f341870
INFO  Finished running bash analysis
INFO  start of outfile output
INFO  <Objects>
INFO  <Object>
INFO  <File>/var/folders/_c/8hdddw_d015bjj6b8f89mf199j21nn/T/junit698564179482732085/test.sh:9:6:</File>
INFO  <Message>note</Message>
INFO  <Rule>MYRULES</Rule>
INFO  <RuleName>Double quote to prevent globbing and word splitting. [SC2086]</RuleName>
INFO  <Line>LINE_NUMBER</Line>
INFO  </Object>
INFO  <Object>
INFO  <File>/var/folders/_c/8hdddw_d015bjj6b8f89mf199j21nn/T/junit698564179482732085/test.sh:11:7:</File>
INFO  <Message>note</Message>
INFO  <Rule>MYRULES</Rule>
INFO  <RuleName>read without -r will mangle backslashes. [SC2162]</RuleName>
INFO  <Line>LINE_NUMBER</Line>
INFO  </Object>
INFO  </Objects>
INFO  end of outfile output
INFO  results: /var/folders/_c/8hdddw_d015bjj6b8f89mf199j21nn/T/junit5350769451116637387/junit3223567939990011473.tmp
INFO  ISSUES: org.sonar.plugins.bash.issues.Objects@731a74c
WARN  Unexpected exception while adding issue
WARN  x: 7
WARN  Unexpected exception while adding issue
WARN  x: 7
]]></system-out>
    <system-err><![CDATA[java.lang.IllegalArgumentException: Rule must be set
	at org.sonar.api.internal.google.common.base.Preconditions.checkArgument(Preconditions.java:122)
	at org.sonar.api.rule.RuleKey.of(RuleKey.java:55)
	at org.sonar.plugins.bash.fillers.IssuesFiller.fill(IssuesFiller.java:45)
	at org.sonar.plugins.bash.ScriptAnalyzerSensor.execute(ScriptAnalyzerSensor.java:98)
	at org.sonar.plugins.bash.ScriptAnalyzerSensorTest.testExecute(ScriptAnalyzerSensorTest.java:39)
	at sun.reflect.NativeMethodAccessorImpl.invoke0(Native Method)
	at sun.reflect.NativeMethodAccessorImpl.invoke(NativeMethodAccessorImpl.java:62)
	at sun.reflect.DelegatingMethodAccessorImpl.invoke(DelegatingMethodAccessorImpl.java:43)
	at java.lang.reflect.Method.invoke(Method.java:498)
	at org.junit.runners.model.FrameworkMethod$1.runReflectiveCall(FrameworkMethod.java:47)
	at org.junit.internal.runners.model.ReflectiveCallable.run(ReflectiveCallable.java:12)
	at org.junit.runners.model.FrameworkMethod.invokeExplosively(FrameworkMethod.java:44)
	at org.junit.internal.runners.statements.InvokeMethod.evaluate(InvokeMethod.java:17)
	at org.junit.rules.ExternalResource$1.evaluate(ExternalResource.java:48)
	at org.junit.rules.ExternalResource$1.evaluate(ExternalResource.java:48)
	at org.junit.rules.RunRules.evaluate(RunRules.java:20)
	at org.junit.runners.ParentRunner.runLeaf(ParentRunner.java:271)
	at org.junit.runners.BlockJUnit4ClassRunner.runChild(BlockJUnit4ClassRunner.java:70)
	at org.junit.runners.BlockJUnit4ClassRunner.runChild(BlockJUnit4ClassRunner.java:50)
	at org.junit.runners.ParentRunner$3.run(ParentRunner.java:238)
	at org.junit.runners.ParentRunner$1.schedule(ParentRunner.java:63)
	at org.junit.runners.ParentRunner.runChildren(ParentRunner.java:236)
	at org.junit.runners.ParentRunner.access$000(ParentRunner.java:53)
	at org.junit.runners.ParentRunner$2.evaluate(ParentRunner.java:229)
	at org.junit.runners.ParentRunner.run(ParentRunner.java:309)
	at org.apache.maven.surefire.junit4.JUnit4Provider.execute(JUnit4Provider.java:365)
	at org.apache.maven.surefire.junit4.JUnit4Provider.executeWithRerun(JUnit4Provider.java:273)
	at org.apache.maven.surefire.junit4.JUnit4Provider.executeTestSet(JUnit4Provider.java:238)
	at org.apache.maven.surefire.junit4.JUnit4Provider.invoke(JUnit4Provider.java:159)
	at org.apache.maven.surefire.booter.ForkedBooter.invokeProviderInSameClassLoader(ForkedBooter.java:383)
	at org.apache.maven.surefire.booter.ForkedBooter.runSuitesInProcess(ForkedBooter.java:344)
	at org.apache.maven.surefire.booter.ForkedBooter.execute(ForkedBooter.java:125)
	at org.apache.maven.surefire.booter.ForkedBooter.main(ForkedBooter.java:417)
java.lang.IllegalArgumentException: Rule must be set
	at org.sonar.api.internal.google.common.base.Preconditions.checkArgument(Preconditions.java:122)
	at org.sonar.api.rule.RuleKey.of(RuleKey.java:55)
	at org.sonar.plugins.bash.fillers.IssuesFiller.fill(IssuesFiller.java:45)
	at org.sonar.plugins.bash.ScriptAnalyzerSensor.execute(ScriptAnalyzerSensor.java:98)
	at org.sonar.plugins.bash.ScriptAnalyzerSensorTest.testExecute(ScriptAnalyzerSensorTest.java:39)
	at sun.reflect.NativeMethodAccessorImpl.invoke0(Native Method)
	at sun.reflect.NativeMethodAccessorImpl.invoke(NativeMethodAccessorImpl.java:62)
	at sun.reflect.DelegatingMethodAccessorImpl.invoke(DelegatingMethodAccessorImpl.java:43)
	at java.lang.reflect.Method.invoke(Method.java:498)
	at org.junit.runners.model.FrameworkMethod$1.runReflectiveCall(FrameworkMethod.java:47)
	at org.junit.internal.runners.model.ReflectiveCallable.run(ReflectiveCallable.java:12)
	at org.junit.runners.model.FrameworkMethod.invokeExplosively(FrameworkMethod.java:44)
	at org.junit.internal.runners.statements.InvokeMethod.evaluate(InvokeMethod.java:17)
	at org.junit.rules.ExternalResource$1.evaluate(ExternalResource.java:48)
	at org.junit.rules.ExternalResource$1.evaluate(ExternalResource.java:48)
	at org.junit.rules.RunRules.evaluate(RunRules.java:20)
	at org.junit.runners.ParentRunner.runLeaf(ParentRunner.java:271)
	at org.junit.runners.BlockJUnit4ClassRunner.runChild(BlockJUnit4ClassRunner.java:70)
	at org.junit.runners.BlockJUnit4ClassRunner.runChild(BlockJUnit4ClassRunner.java:50)
	at org.junit.runners.ParentRunner$3.run(ParentRunner.java:238)
	at org.junit.runners.ParentRunner$1.schedule(ParentRunner.java:63)
	at org.junit.runners.ParentRunner.runChildren(ParentRunner.java:236)
	at org.junit.runners.ParentRunner.access$000(ParentRunner.java:53)
	at org.junit.runners.ParentRunner$2.evaluate(ParentRunner.java:229)
	at org.junit.runners.ParentRunner.run(ParentRunner.java:309)
	at org.apache.maven.surefire.junit4.JUnit4Provider.execute(JUnit4Provider.java:365)
	at org.apache.maven.surefire.junit4.JUnit4Provider.executeWithRerun(JUnit4Provider.java:273)
	at org.apache.maven.surefire.junit4.JUnit4Provider.executeTestSet(JUnit4Provider.java:238)
	at org.apache.maven.surefire.junit4.JUnit4Provider.invoke(JUnit4Provider.java:159)
	at org.apache.maven.surefire.booter.ForkedBooter.invokeProviderInSameClassLoader(ForkedBooter.java:383)
	at org.apache.maven.surefire.booter.ForkedBooter.runSuitesInProcess(ForkedBooter.java:344)
	at org.apache.maven.surefire.booter.ForkedBooter.execute(ForkedBooter.java:125)
	at org.apache.maven.surefire.booter.ForkedBooter.main(ForkedBooter.java:417)
]]></system-err>
  </testcase>
</testsuite>